	.file	"03_helloworld_wide.cpp"
	.text
	.section	.rodata
.LC1:
	.string	"%#x "
	.align 2
.LC0:
	.string	"H"
	.string	"e"
	.string	"l"
	.string	"l"
	.string	"o"
	.string	","
	.string	" "
	.string	"w"
	.string	"o"
	.string	"r"
	.string	"l"
	.string	"d"
	.string	"!"
	.string	"\n"
	.string	""
	.string	""
	.text
	.globl	main
	.type	main, @function
main:
.LFB0:
	.cfi_startproc
	pushq	%rbp
	.cfi_def_cfa_offset 16
	.cfi_offset 6, -16
	movq	%rsp, %rbp
	.cfi_def_cfa_register 6
	subq	$64, %rsp
	movl	%edi, -52(%rbp)
	movq	%rsi, -64(%rbp)
	movq	.LC0(%rip), %rax
	movq	8+.LC0(%rip), %rdx
	movq	%rax, -48(%rbp)
	movq	%rdx, -40(%rbp)
	movq	16+.LC0(%rip), %rax
	movq	%rax, -32(%rbp)
	movl	24+.LC0(%rip), %eax
	movl	%eax, -24(%rbp)
	movzwl	28+.LC0(%rip), %eax
	movw	%ax, -20(%rbp)
	movq	$15, -16(%rbp)
	movq	$0, -8(%rbp)
.L3:
	movq	-8(%rbp), %rax
	cmpq	-16(%rbp), %rax
	jnb	.L2
	movq	-8(%rbp), %rax
	movzwl	-48(%rbp,%rax,2), %eax
	movzwl	%ax, %eax
	movl	%eax, %esi
	leaq	.LC1(%rip), %rdi
	movl	$0, %eax
	call	printf@PLT
	addq	$1, -8(%rbp)
	jmp	.L3
.L2:
	movl	$0, %eax
	leave
	.cfi_def_cfa 7, 8
	ret
	.cfi_endproc
.LFE0:
	.size	main, .-main
	.ident	"GCC: (Debian 8.3.0-6) 8.3.0"
	.section	.note.GNU-stack,"",@progbits
